<?xml version="1.0" encoding="UTF-8"?>
<testsuite name="com.example.redis.RedisTest" tests="1" skipped="0" failures="0" errors="0" timestamp="2022-09-13T20:53:46" hostname="mike-linux" time="1.755">
  <properties/>
  <testcase name="testRedisFunctionality" classname="com.example.redis.RedisTest" time="1.755"/>
  <system-out><![CDATA[2022-09-13 23:53:46.625  INFO 817542 --- [    Test worker] o.s.t.c.support.AbstractContextLoader    : Could not detect default resource locations for test class [com.example.redis.AbstractIntegrationTest]: no resource found for suffixes {-context.xml, Context.groovy}.
2022-09-13 23:53:46.626  INFO 817542 --- [    Test worker] t.c.s.AnnotationConfigContextLoaderUtils : Could not detect default configuration classes for test class [com.example.redis.AbstractIntegrationTest]: AbstractIntegrationTest does not declare any static, non-private, non-final, nested classes annotated with @Configuration.
2022-09-13 23:53:46.644  INFO 817542 --- [    Test worker] .b.t.c.SpringBootTestContextBootstrapper : Found @SpringBootConfiguration com.example.redis.RedisApplication for test class com.example.redis.RedisTest
2022-09-13 23:53:46.653  INFO 817542 --- [    Test worker] .b.t.c.SpringBootTestContextBootstrapper : Loaded default TestExecutionListener class names from location [META-INF/spring.factories]: [org.springframework.boot.test.autoconfigure.restdocs.RestDocsTestExecutionListener, org.springframework.boot.test.autoconfigure.web.client.MockRestServiceServerResetTestExecutionListener, org.springframework.boot.test.autoconfigure.web.servlet.MockMvcPrintOnlyOnFailureTestExecutionListener, org.springframework.boot.test.autoconfigure.web.servlet.WebDriverTestExecutionListener, org.springframework.boot.test.autoconfigure.webservices.client.MockWebServiceServerTestExecutionListener, org.springframework.boot.test.mock.mockito.MockitoTestExecutionListener, org.springframework.boot.test.mock.mockito.ResetMocksTestExecutionListener, org.springframework.test.context.web.ServletTestExecutionListener, org.springframework.test.context.support.DirtiesContextBeforeModesTestExecutionListener, org.springframework.test.context.event.ApplicationEventsTestExecutionListener, org.springframework.test.context.support.DependencyInjectionTestExecutionListener, org.springframework.test.context.support.DirtiesContextTestExecutionListener, org.springframework.test.context.transaction.TransactionalTestExecutionListener, org.springframework.test.context.jdbc.SqlScriptsTestExecutionListener, org.springframework.test.context.event.EventPublishingTestExecutionListener]
2022-09-13 23:53:46.655  INFO 817542 --- [    Test worker] .b.t.c.SpringBootTestContextBootstrapper : Using TestExecutionListeners: [org.springframework.test.context.web.ServletTestExecutionListener@3c17794e, org.springframework.test.context.support.DirtiesContextBeforeModesTestExecutionListener@414d2821, org.springframework.test.context.event.ApplicationEventsTestExecutionListener@7378c4a4, org.springframework.boot.test.mock.mockito.MockitoTestExecutionListener@6694fb1b, org.springframework.boot.test.autoconfigure.SpringBootDependencyInjectionTestExecutionListener@61ce238e, org.springframework.test.context.support.DirtiesContextTestExecutionListener@49ea13b6, org.springframework.test.context.transaction.TransactionalTestExecutionListener@7c02b3cb, org.springframework.test.context.jdbc.SqlScriptsTestExecutionListener@3d8fd373, org.springframework.test.context.event.EventPublishingTestExecutionListener@2dcd451f, org.springframework.boot.test.autoconfigure.restdocs.RestDocsTestExecutionListener@342394b3, org.springframework.boot.test.autoconfigure.web.client.MockRestServiceServerResetTestExecutionListener@5dd6f517, org.springframework.boot.test.autoconfigure.web.servlet.MockMvcPrintOnlyOnFailureTestExecutionListener@1e01b195, org.springframework.boot.test.autoconfigure.web.servlet.WebDriverTestExecutionListener@59a3eaf7, org.springframework.boot.test.autoconfigure.webservices.client.MockWebServiceServerTestExecutionListener@718d6b7c, org.springframework.boot.test.mock.mockito.ResetMocksTestExecutionListener@1b994617]
]]></system-out>
  <system-err><![CDATA[]]></system-err>
</testsuite>
